<?xml version="1.0" encoding="UTF-8"?>
<testng-results skipped="0" failed="0" total="1" passed="1">
  <reporter-output>
  </reporter-output>
  <suite name="Default suite" duration-ms="10992" started-at="2020-03-03T07:05:31Z" finished-at="2020-03-03T07:05:42Z">
    <groups>
    </groups>
    <test name="Default test" duration-ms="10992" started-at="2020-03-03T07:05:31Z" finished-at="2020-03-03T07:05:42Z">
      <class name="com.testingshashtra.smoke_test">
        <test-method status="PASS" signature="ts_01()[pri:0, instance:com.testingshashtra.smoke_test@68be2bc2]" name="ts_01" is-config="true" duration-ms="10976" started-at="2020-03-03T12:35:31Z" finished-at="2020-03-03T12:35:42Z">
          <reporter-output>
          </reporter-output>
        </test-method> <!-- ts_01 -->
        <test-method status="PASS" signature="tc_02()[pri:0, instance:com.testingshashtra.smoke_test@68be2bc2]" name="tc_02" duration-ms="16" started-at="2020-03-03T12:35:42Z" finished-at="2020-03-03T12:35:42Z">
          <reporter-output>
          </reporter-output>
        </test-method> <!-- tc_02 -->
      </class> <!-- com.testingshashtra.smoke_test -->
    </test> <!-- Default test -->
  </suite> <!-- Default suite -->
</testng-results>
